\BOOKMARK [0][-]{chapter.1}{\376\377\0001\000\040\000N\000a\000m\000e\000s\000p\000a\000c\000e\000\040\000I\000n\000d\000e\000x}{}% 1
\BOOKMARK [1][-]{section.1.1}{\376\377\0001\000.\0001\000\040\000P\000a\000c\000k\000a\000g\000e\000s}{chapter.1}% 2
\BOOKMARK [0][-]{chapter.2}{\376\377\0002\000\040\000H\000i\000e\000r\000a\000r\000c\000h\000i\000c\000a\000l\000\040\000I\000n\000d\000e\000x}{}% 3
\BOOKMARK [1][-]{section.2.1}{\376\377\0002\000.\0001\000\040\000C\000l\000a\000s\000s\000\040\000H\000i\000e\000r\000a\000r\000c\000h\000y}{chapter.2}% 4
\BOOKMARK [0][-]{chapter.3}{\376\377\0003\000\040\000C\000l\000a\000s\000s\000\040\000I\000n\000d\000e\000x}{}% 5
\BOOKMARK [1][-]{section.3.1}{\376\377\0003\000.\0001\000\040\000C\000l\000a\000s\000s\000\040\000L\000i\000s\000t}{chapter.3}% 6
\BOOKMARK [0][-]{chapter.4}{\376\377\0004\000\040\000F\000i\000l\000e\000\040\000I\000n\000d\000e\000x}{}% 7
\BOOKMARK [1][-]{section.4.1}{\376\377\0004\000.\0001\000\040\000F\000i\000l\000e\000\040\000L\000i\000s\000t}{chapter.4}% 8
\BOOKMARK [0][-]{chapter.5}{\376\377\0005\000\040\000N\000a\000m\000e\000s\000p\000a\000c\000e\000\040\000D\000o\000c\000u\000m\000e\000n\000t\000a\000t\000i\000o\000n}{}% 9
\BOOKMARK [1][-]{section.5.1}{\376\377\0005\000.\0001\000\040\000P\000a\000c\000k\000a\000g\000e\000\040\000c\000o\000m}{chapter.5}% 10
\BOOKMARK [1][-]{section.5.2}{\376\377\0005\000.\0002\000\040\000P\000a\000c\000k\000a\000g\000e\000\040\000c\000o\000m\000.\000e\000x\000a\000m\000p\000l\000e}{chapter.5}% 11
\BOOKMARK [1][-]{section.5.3}{\376\377\0005\000.\0003\000\040\000P\000a\000c\000k\000a\000g\000e\000\040\000c\000o\000m\000.\000e\000x\000a\000m\000p\000l\000e\000.\000s\000a\000i\000p\000r\000a\000n\000e\000e\000t\000h\000r\000e\000d\000d\000y}{chapter.5}% 12
\BOOKMARK [1][-]{section.5.4}{\376\377\0005\000.\0004\000\040\000P\000a\000c\000k\000a\000g\000e\000\040\000c\000o\000m\000.\000e\000x\000a\000m\000p\000l\000e\000.\000s\000a\000i\000p\000r\000a\000n\000e\000e\000t\000h\000r\000e\000d\000d\000y\000.\000p\000c\000\137\000c\000o\000n\000t\000r\000o\000l\000l\000e\000r}{chapter.5}% 13
\BOOKMARK [0][-]{chapter.6}{\376\377\0006\000\040\000C\000l\000a\000s\000s\000\040\000D\000o\000c\000u\000m\000e\000n\000t\000a\000t\000i\000o\000n}{}% 14
\BOOKMARK [1][-]{section.6.1}{\376\377\0006\000.\0001\000\040\000c\000o\000m\000.\000e\000x\000a\000m\000p\000l\000e\000.\000s\000a\000i\000p\000r\000a\000n\000e\000e\000t\000h\000r\000e\000d\000d\000y\000.\000p\000c\000\137\000c\000o\000n\000t\000r\000o\000l\000l\000e\000r\000.\000c\000o\000n\000n\000e\000c\000t\000\040\000C\000l\000a\000s\000s\000\040\000R\000e\000f\000e\000r\000e\000n\000c\000e}{chapter.6}% 15
\BOOKMARK [1][-]{section.6.2}{\376\377\0006\000.\0002\000\040\000c\000o\000m\000.\000e\000x\000a\000m\000p\000l\000e\000.\000s\000a\000i\000p\000r\000a\000n\000e\000e\000t\000h\000r\000e\000d\000d\000y\000.\000p\000c\000\137\000c\000o\000n\000t\000r\000o\000l\000l\000e\000r\000.\000f\000i\000l\000e\000\040\000C\000l\000a\000s\000s\000\040\000R\000e\000f\000e\000r\000e\000n\000c\000e}{chapter.6}% 16
\BOOKMARK [2][-]{subsection.6.2.1}{\376\377\0006\000.\0002\000.\0001\000\040\000D\000e\000t\000a\000i\000l\000e\000d\000\040\000D\000e\000s\000c\000r\000i\000p\000t\000i\000o\000n}{section.6.2}% 17
\BOOKMARK [2][-]{subsection.6.2.2}{\376\377\0006\000.\0002\000.\0002\000\040\000M\000e\000m\000b\000e\000r\000\040\000F\000u\000n\000c\000t\000i\000o\000n\000\040\000D\000o\000c\000u\000m\000e\000n\000t\000a\000t\000i\000o\000n}{section.6.2}% 18
\BOOKMARK [3][-]{subsubsection.6.2.2.1}{\376\377\0006\000.\0002\000.\0002\000.\0001\000\040\000g\000e\000t\000P\000a\000t\000h\000\050\000C\000o\000n\000t\000e\000x\000t\000\040\000c\000o\000n\000t\000e\000x\000t\000,\000\040\000U\000r\000i\000\040\000u\000r\000i\000\051}{subsection.6.2.2}% 19
\BOOKMARK [3][-]{subsubsection.6.2.2.2}{\376\377\0006\000.\0002\000.\0002\000.\0002\000\040\000o\000n\000A\000c\000t\000i\000v\000i\000t\000y\000R\000e\000s\000u\000l\000t\000\050\000i\000n\000t\000\040\000r\000e\000q\000u\000e\000s\000t\000C\000o\000d\000e\000,\000\040\000i\000n\000t\000\040\000r\000e\000s\000u\000l\000t\000C\000o\000d\000e\000,\000\040\000I\000n\000t\000e\000n\000t\000\040\000d\000a\000t\000a\000\051}{subsection.6.2.2}% 20
\BOOKMARK [3][-]{subsubsection.6.2.2.3}{\376\377\0006\000.\0002\000.\0002\000.\0003\000\040\000o\000n\000C\000l\000i\000c\000k\000\050\000V\000i\000e\000w\000\040\000v\000\051}{subsection.6.2.2}% 21
\BOOKMARK [3][-]{subsubsection.6.2.2.4}{\376\377\0006\000.\0002\000.\0002\000.\0004\000\040\000o\000n\000C\000r\000e\000a\000t\000e\000\050\000B\000u\000n\000d\000l\000e\000\040\000s\000a\000v\000e\000d\000I\000n\000s\000t\000a\000n\000c\000e\000S\000t\000a\000t\000e\000\051}{subsection.6.2.2}% 22
\BOOKMARK [3][-]{subsubsection.6.2.2.5}{\376\377\0006\000.\0002\000.\0002\000.\0005\000\040\000o\000n\000K\000e\000y\000D\000o\000w\000n\000\050\000i\000n\000t\000\040\000k\000e\000y\000c\000o\000d\000e\000,\000\040\000K\000e\000y\000E\000v\000e\000n\000t\000\040\000e\000v\000e\000n\000t\000\051}{subsection.6.2.2}% 23
\BOOKMARK [3][-]{subsubsection.6.2.2.6}{\376\377\0006\000.\0002\000.\0002\000.\0006\000\040\000s\000h\000o\000w\000F\000i\000l\000e\000C\000h\000o\000o\000s\000e\000r\000\050\000\051}{subsection.6.2.2}% 24
\BOOKMARK [2][-]{subsection.6.2.3}{\376\377\0006\000.\0002\000.\0003\000\040\000M\000e\000m\000b\000e\000r\000\040\000D\000a\000t\000a\000\040\000D\000o\000c\000u\000m\000e\000n\000t\000a\000t\000i\000o\000n}{section.6.2}% 25
\BOOKMARK [3][-]{subsubsection.6.2.3.1}{\376\377\0006\000.\0002\000.\0003\000.\0001\000\040\000d\000a\000t\000a\000i\000n}{subsection.6.2.3}% 26
\BOOKMARK [3][-]{subsubsection.6.2.3.2}{\376\377\0006\000.\0002\000.\0003\000.\0002\000\040\000d\000a\000t\000a\000o\000u\000t}{subsection.6.2.3}% 27
\BOOKMARK [3][-]{subsubsection.6.2.3.3}{\376\377\0006\000.\0002\000.\0003\000.\0003\000\040\000F\000I\000L\000E\000S\000E\000L\000E\000C\000T\000C\000O\000D\000E}{subsection.6.2.3}% 28
\BOOKMARK [1][-]{section.6.3}{\376\377\0006\000.\0003\000\040\000c\000o\000m\000.\000e\000x\000a\000m\000p\000l\000e\000.\000s\000a\000i\000p\000r\000a\000n\000e\000e\000t\000h\000r\000e\000d\000d\000y\000.\000p\000c\000\137\000c\000o\000n\000t\000r\000o\000l\000l\000e\000r\000.\000g\000l\000o\000b\000a\000l\000C\000l\000a\000s\000s\000\040\000C\000l\000a\000s\000s\000\040\000R\000e\000f\000e\000r\000e\000n\000c\000e}{chapter.6}% 29
\BOOKMARK [2][-]{subsection.6.3.1}{\376\377\0006\000.\0003\000.\0001\000\040\000D\000e\000t\000a\000i\000l\000e\000d\000\040\000D\000e\000s\000c\000r\000i\000p\000t\000i\000o\000n}{section.6.3}% 30
\BOOKMARK [2][-]{subsection.6.3.2}{\376\377\0006\000.\0003\000.\0002\000\040\000M\000e\000m\000b\000e\000r\000\040\000D\000a\000t\000a\000\040\000D\000o\000c\000u\000m\000e\000n\000t\000a\000t\000i\000o\000n}{section.6.3}% 31
\BOOKMARK [3][-]{subsubsection.6.3.2.1}{\376\377\0006\000.\0003\000.\0002\000.\0001\000\040\000b\000s\000o\000c\000k}{subsection.6.3.2}% 32
\BOOKMARK [3][-]{subsubsection.6.3.2.2}{\376\377\0006\000.\0003\000.\0002\000.\0002\000\040\000m\000o\000d\000e}{subsection.6.3.2}% 33
\BOOKMARK [3][-]{subsubsection.6.3.2.3}{\376\377\0006\000.\0003\000.\0002\000.\0003\000\040\000s\000o\000c\000k}{subsection.6.3.2}% 34
\BOOKMARK [1][-]{section.6.4}{\376\377\0006\000.\0004\000\040\000c\000o\000m\000.\000e\000x\000a\000m\000p\000l\000e\000.\000s\000a\000i\000p\000r\000a\000n\000e\000e\000t\000h\000r\000e\000d\000d\000y\000.\000p\000c\000\137\000c\000o\000n\000t\000r\000o\000l\000l\000e\000r\000.\000j\000o\000y\000\040\000C\000l\000a\000s\000s\000\040\000R\000e\000f\000e\000r\000e\000n\000c\000e}{chapter.6}% 35
\BOOKMARK [2][-]{subsection.6.4.1}{\376\377\0006\000.\0004\000.\0001\000\040\000D\000e\000t\000a\000i\000l\000e\000d\000\040\000D\000e\000s\000c\000r\000i\000p\000t\000i\000o\000n}{section.6.4}% 36
\BOOKMARK [2][-]{subsection.6.4.2}{\376\377\0006\000.\0004\000.\0002\000\040\000M\000e\000m\000b\000e\000r\000\040\000F\000u\000n\000c\000t\000i\000o\000n\000\040\000D\000o\000c\000u\000m\000e\000n\000t\000a\000t\000i\000o\000n}{section.6.4}% 37
\BOOKMARK [3][-]{subsubsection.6.4.2.1}{\376\377\0006\000.\0004\000.\0002\000.\0001\000\040\000o\000n\000C\000l\000i\000c\000k\000\050\000V\000i\000e\000w\000\040\000v\000\051}{subsection.6.4.2}% 38
\BOOKMARK [3][-]{subsubsection.6.4.2.2}{\376\377\0006\000.\0004\000.\0002\000.\0002\000\040\000o\000n\000C\000r\000e\000a\000t\000e\000\050\000B\000u\000n\000d\000l\000e\000\040\000s\000a\000v\000e\000d\000I\000n\000s\000t\000a\000n\000c\000e\000S\000t\000a\000t\000e\000\051}{subsection.6.4.2}% 39
\BOOKMARK [3][-]{subsubsection.6.4.2.3}{\376\377\0006\000.\0004\000.\0002\000.\0003\000\040\000o\000n\000K\000e\000y\000D\000o\000w\000n\000\050\000i\000n\000t\000\040\000k\000e\000y\000c\000o\000d\000e\000,\000\040\000K\000e\000y\000E\000v\000e\000n\000t\000\040\000e\000v\000e\000n\000t\000\051}{subsection.6.4.2}% 40
\BOOKMARK [2][-]{subsection.6.4.3}{\376\377\0006\000.\0004\000.\0003\000\040\000M\000e\000m\000b\000e\000r\000\040\000D\000a\000t\000a\000\040\000D\000o\000c\000u\000m\000e\000n\000t\000a\000t\000i\000o\000n}{section.6.4}% 41
\BOOKMARK [3][-]{subsubsection.6.4.3.1}{\376\377\0006\000.\0004\000.\0003\000.\0001\000\040\000d\000a\000t\000a\000o\000u\000t}{subsection.6.4.3}% 42
\BOOKMARK [1][-]{section.6.5}{\376\377\0006\000.\0005\000\040\000c\000o\000m\000.\000e\000x\000a\000m\000p\000l\000e\000.\000s\000a\000i\000p\000r\000a\000n\000e\000e\000t\000h\000r\000e\000d\000d\000y\000.\000p\000c\000\137\000c\000o\000n\000t\000r\000o\000l\000l\000e\000r\000.\000j\000o\000y\000s\000t\000i\000c\000k\000\040\000C\000l\000a\000s\000s\000\040\000R\000e\000f\000e\000r\000e\000n\000c\000e}{chapter.6}% 43
\BOOKMARK [2][-]{subsection.6.5.1}{\376\377\0006\000.\0005\000.\0001\000\040\000D\000e\000t\000a\000i\000l\000e\000d\000\040\000D\000e\000s\000c\000r\000i\000p\000t\000i\000o\000n}{section.6.5}% 44
\BOOKMARK [2][-]{subsection.6.5.2}{\376\377\0006\000.\0005\000.\0002\000\040\000M\000e\000m\000b\000e\000r\000\040\000F\000u\000n\000c\000t\000i\000o\000n\000\040\000D\000o\000c\000u\000m\000e\000n\000t\000a\000t\000i\000o\000n}{section.6.5}% 45
\BOOKMARK [3][-]{subsubsection.6.5.2.1}{\376\377\0006\000.\0005\000.\0002\000.\0001\000\040\000o\000n\000C\000l\000i\000c\000k\000\050\000V\000i\000e\000w\000\040\000v\000\051}{subsection.6.5.2}% 46
\BOOKMARK [3][-]{subsubsection.6.5.2.2}{\376\377\0006\000.\0005\000.\0002\000.\0002\000\040\000o\000n\000C\000r\000e\000a\000t\000e\000\050\000B\000u\000n\000d\000l\000e\000\040\000s\000a\000v\000e\000d\000I\000n\000s\000t\000a\000n\000c\000e\000S\000t\000a\000t\000e\000\051}{subsection.6.5.2}% 47
\BOOKMARK [3][-]{subsubsection.6.5.2.3}{\376\377\0006\000.\0005\000.\0002\000.\0003\000\040\000o\000n\000K\000e\000y\000D\000o\000w\000n\000\050\000i\000n\000t\000\040\000k\000e\000y\000c\000o\000d\000e\000,\000\040\000K\000e\000y\000E\000v\000e\000n\000t\000\040\000e\000v\000e\000n\000t\000\051}{subsection.6.5.2}% 48
\BOOKMARK [2][-]{subsection.6.5.3}{\376\377\0006\000.\0005\000.\0003\000\040\000M\000e\000m\000b\000e\000r\000\040\000D\000a\000t\000a\000\040\000D\000o\000c\000u\000m\000e\000n\000t\000a\000t\000i\000o\000n}{section.6.5}% 49
\BOOKMARK [3][-]{subsubsection.6.5.3.1}{\376\377\0006\000.\0005\000.\0003\000.\0001\000\040\000d\000a\000t\000a\000o\000u\000t}{subsection.6.5.3}% 50
\BOOKMARK [1][-]{section.6.6}{\376\377\0006\000.\0006\000\040\000c\000o\000m\000.\000e\000x\000a\000m\000p\000l\000e\000.\000s\000a\000i\000p\000r\000a\000n\000e\000e\000t\000h\000r\000e\000d\000d\000y\000.\000p\000c\000\137\000c\000o\000n\000t\000r\000o\000l\000l\000e\000r\000.\000k\000e\000y\000b\000o\000a\000r\000d\000\040\000C\000l\000a\000s\000s\000\040\000R\000e\000f\000e\000r\000e\000n\000c\000e}{chapter.6}% 51
\BOOKMARK [2][-]{subsection.6.6.1}{\376\377\0006\000.\0006\000.\0001\000\040\000D\000e\000t\000a\000i\000l\000e\000d\000\040\000D\000e\000s\000c\000r\000i\000p\000t\000i\000o\000n}{section.6.6}% 52
\BOOKMARK [2][-]{subsection.6.6.2}{\376\377\0006\000.\0006\000.\0002\000\040\000M\000e\000m\000b\000e\000r\000\040\000F\000u\000n\000c\000t\000i\000o\000n\000\040\000D\000o\000c\000u\000m\000e\000n\000t\000a\000t\000i\000o\000n}{section.6.6}% 53
\BOOKMARK [3][-]{subsubsection.6.6.2.1}{\376\377\0006\000.\0006\000.\0002\000.\0001\000\040\000o\000n\000C\000r\000e\000a\000t\000e\000\050\000B\000u\000n\000d\000l\000e\000\040\000s\000a\000v\000e\000d\000I\000n\000s\000t\000a\000n\000c\000e\000S\000t\000a\000t\000e\000\051}{subsection.6.6.2}% 54
\BOOKMARK [3][-]{subsubsection.6.6.2.2}{\376\377\0006\000.\0006\000.\0002\000.\0002\000\040\000o\000n\000K\000e\000y\000D\000o\000w\000n\000\050\000i\000n\000t\000\040\000k\000e\000y\000c\000o\000d\000e\000,\000\040\000K\000e\000y\000E\000v\000e\000n\000t\000\040\000e\000v\000e\000n\000t\000\051}{subsection.6.6.2}% 55
\BOOKMARK [2][-]{subsection.6.6.3}{\376\377\0006\000.\0006\000.\0003\000\040\000M\000e\000m\000b\000e\000r\000\040\000D\000a\000t\000a\000\040\000D\000o\000c\000u\000m\000e\000n\000t\000a\000t\000i\000o\000n}{section.6.6}% 56
\BOOKMARK [3][-]{subsubsection.6.6.3.1}{\376\377\0006\000.\0006\000.\0003\000.\0001\000\040\000d\000a\000t\000a\000o\000u\000t}{subsection.6.6.3}% 57
\BOOKMARK [3][-]{subsubsection.6.6.3.2}{\376\377\0006\000.\0006\000.\0003\000.\0002\000\040\000t\000y\000p\000e\000r}{subsection.6.6.3}% 58
\BOOKMARK [1][-]{section.6.7}{\376\377\0006\000.\0007\000\040\000c\000o\000m\000.\000e\000x\000a\000m\000p\000l\000e\000.\000s\000a\000i\000p\000r\000a\000n\000e\000e\000t\000h\000r\000e\000d\000d\000y\000.\000p\000c\000\137\000c\000o\000n\000t\000r\000o\000l\000l\000e\000r\000.\000m\000o\000u\000s\000e\000\040\000C\000l\000a\000s\000s\000\040\000R\000e\000f\000e\000r\000e\000n\000c\000e}{chapter.6}% 59
\BOOKMARK [2][-]{subsection.6.7.1}{\376\377\0006\000.\0007\000.\0001\000\040\000D\000e\000t\000a\000i\000l\000e\000d\000\040\000D\000e\000s\000c\000r\000i\000p\000t\000i\000o\000n}{section.6.7}% 60
\BOOKMARK [2][-]{subsection.6.7.2}{\376\377\0006\000.\0007\000.\0002\000\040\000M\000e\000m\000b\000e\000r\000\040\000F\000u\000n\000c\000t\000i\000o\000n\000\040\000D\000o\000c\000u\000m\000e\000n\000t\000a\000t\000i\000o\000n}{section.6.7}% 61
\BOOKMARK [3][-]{subsubsection.6.7.2.1}{\376\377\0006\000.\0007\000.\0002\000.\0001\000\040\000o\000n\000C\000l\000i\000c\000k\000\050\000V\000i\000e\000w\000\040\000v\000\051}{subsection.6.7.2}% 62
\BOOKMARK [3][-]{subsubsection.6.7.2.2}{\376\377\0006\000.\0007\000.\0002\000.\0002\000\040\000o\000n\000C\000r\000e\000a\000t\000e\000\050\000B\000u\000n\000d\000l\000e\000\040\000s\000a\000v\000e\000d\000I\000n\000s\000t\000a\000n\000c\000e\000S\000t\000a\000t\000e\000\051}{subsection.6.7.2}% 63
\BOOKMARK [3][-]{subsubsection.6.7.2.3}{\376\377\0006\000.\0007\000.\0002\000.\0003\000\040\000o\000n\000K\000e\000y\000D\000o\000w\000n\000\050\000i\000n\000t\000\040\000k\000e\000y\000c\000o\000d\000e\000,\000\040\000K\000e\000y\000E\000v\000e\000n\000t\000\040\000e\000v\000e\000n\000t\000\051}{subsection.6.7.2}% 64
\BOOKMARK [2][-]{subsection.6.7.3}{\376\377\0006\000.\0007\000.\0003\000\040\000M\000e\000m\000b\000e\000r\000\040\000D\000a\000t\000a\000\040\000D\000o\000c\000u\000m\000e\000n\000t\000a\000t\000i\000o\000n}{section.6.7}% 65
\BOOKMARK [3][-]{subsubsection.6.7.3.1}{\376\377\0006\000.\0007\000.\0003\000.\0001\000\040\000d\000a\000t\000a\000o\000u\000t}{subsection.6.7.3}% 66
\BOOKMARK [1][-]{section.6.8}{\376\377\0006\000.\0008\000\040\000c\000o\000m\000.\000e\000x\000a\000m\000p\000l\000e\000.\000s\000a\000i\000p\000r\000a\000n\000e\000e\000t\000h\000r\000e\000d\000d\000y\000.\000p\000c\000\137\000c\000o\000n\000t\000r\000o\000l\000l\000e\000r\000.\000s\000c\000r\000e\000e\000n\000s\000h\000o\000t\000\040\000C\000l\000a\000s\000s\000\040\000R\000e\000f\000e\000r\000e\000n\000c\000e}{chapter.6}% 67
\BOOKMARK [2][-]{subsection.6.8.1}{\376\377\0006\000.\0008\000.\0001\000\040\000D\000e\000t\000a\000i\000l\000e\000d\000\040\000D\000e\000s\000c\000r\000i\000p\000t\000i\000o\000n}{section.6.8}% 68
\BOOKMARK [2][-]{subsection.6.8.2}{\376\377\0006\000.\0008\000.\0002\000\040\000M\000e\000m\000b\000e\000r\000\040\000F\000u\000n\000c\000t\000i\000o\000n\000\040\000D\000o\000c\000u\000m\000e\000n\000t\000a\000t\000i\000o\000n}{section.6.8}% 69
\BOOKMARK [3][-]{subsubsection.6.8.2.1}{\376\377\0006\000.\0008\000.\0002\000.\0001\000\040\000o\000n\000C\000r\000e\000a\000t\000e\000\050\000B\000u\000n\000d\000l\000e\000\040\000s\000a\000v\000e\000d\000I\000n\000s\000t\000a\000n\000c\000e\000S\000t\000a\000t\000e\000\051}{subsection.6.8.2}% 70
\BOOKMARK [3][-]{subsubsection.6.8.2.2}{\376\377\0006\000.\0008\000.\0002\000.\0002\000\040\000o\000n\000K\000e\000y\000D\000o\000w\000n\000\050\000i\000n\000t\000\040\000k\000e\000y\000c\000o\000d\000e\000,\000\040\000K\000e\000y\000E\000v\000e\000n\000t\000\040\000e\000v\000e\000n\000t\000\051}{subsection.6.8.2}% 71
\BOOKMARK [2][-]{subsection.6.8.3}{\376\377\0006\000.\0008\000.\0003\000\040\000M\000e\000m\000b\000e\000r\000\040\000D\000a\000t\000a\000\040\000D\000o\000c\000u\000m\000e\000n\000t\000a\000t\000i\000o\000n}{section.6.8}% 72
\BOOKMARK [3][-]{subsubsection.6.8.3.1}{\376\377\0006\000.\0008\000.\0003\000.\0001\000\040\000d\000a\000t\000a\000i\000n}{subsection.6.8.3}% 73
\BOOKMARK [3][-]{subsubsection.6.8.3.2}{\376\377\0006\000.\0008\000.\0003\000.\0002\000\040\000d\000a\000t\000a\000o\000u\000t}{subsection.6.8.3}% 74
\BOOKMARK [1][-]{section.6.9}{\376\377\0006\000.\0009\000\040\000c\000o\000m\000.\000e\000x\000a\000m\000p\000l\000e\000.\000s\000a\000i\000p\000r\000a\000n\000e\000e\000t\000h\000r\000e\000d\000d\000y\000.\000p\000c\000\137\000c\000o\000n\000t\000r\000o\000l\000l\000e\000r\000.\000s\000e\000l\000e\000c\000t\000\040\000C\000l\000a\000s\000s\000\040\000R\000e\000f\000e\000r\000e\000n\000c\000e}{chapter.6}% 75
\BOOKMARK [2][-]{subsection.6.9.1}{\376\377\0006\000.\0009\000.\0001\000\040\000D\000e\000t\000a\000i\000l\000e\000d\000\040\000D\000e\000s\000c\000r\000i\000p\000t\000i\000o\000n}{section.6.9}% 76
\BOOKMARK [2][-]{subsection.6.9.2}{\376\377\0006\000.\0009\000.\0002\000\040\000M\000e\000m\000b\000e\000r\000\040\000F\000u\000n\000c\000t\000i\000o\000n\000\040\000D\000o\000c\000u\000m\000e\000n\000t\000a\000t\000i\000o\000n}{section.6.9}% 77
\BOOKMARK [3][-]{subsubsection.6.9.2.1}{\376\377\0006\000.\0009\000.\0002\000.\0001\000\040\000o\000n\000C\000l\000i\000c\000k\000\050\000V\000i\000e\000w\000\040\000v\000\051}{subsection.6.9.2}% 78
\BOOKMARK [3][-]{subsubsection.6.9.2.2}{\376\377\0006\000.\0009\000.\0002\000.\0002\000\040\000o\000n\000C\000r\000e\000a\000t\000e\000\050\000B\000u\000n\000d\000l\000e\000\040\000s\000a\000v\000e\000d\000I\000n\000s\000t\000a\000n\000c\000e\000S\000t\000a\000t\000e\000\051}{subsection.6.9.2}% 79
\BOOKMARK [3][-]{subsubsection.6.9.2.3}{\376\377\0006\000.\0009\000.\0002\000.\0003\000\040\000o\000n\000K\000e\000y\000D\000o\000w\000n\000\050\000i\000n\000t\000\040\000k\000e\000y\000c\000o\000d\000e\000,\000\040\000K\000e\000y\000E\000v\000e\000n\000t\000\040\000e\000v\000e\000n\000t\000\051}{subsection.6.9.2}% 80
\BOOKMARK [2][-]{subsection.6.9.3}{\376\377\0006\000.\0009\000.\0003\000\040\000M\000e\000m\000b\000e\000r\000\040\000D\000a\000t\000a\000\040\000D\000o\000c\000u\000m\000e\000n\000t\000a\000t\000i\000o\000n}{section.6.9}% 81
\BOOKMARK [3][-]{subsubsection.6.9.3.1}{\376\377\0006\000.\0009\000.\0003\000.\0001\000\040\000d\000a\000t\000a\000o\000u\000t}{subsection.6.9.3}% 82
\BOOKMARK [1][-]{section.6.10}{\376\377\0006\000.\0001\0000\000\040\000c\000o\000m\000.\000e\000x\000a\000m\000p\000l\000e\000.\000s\000a\000i\000p\000r\000a\000n\000e\000e\000t\000h\000r\000e\000d\000d\000y\000.\000p\000c\000\137\000c\000o\000n\000t\000r\000o\000l\000l\000e\000r\000.\000t\000o\000u\000c\000h\000\040\000C\000l\000a\000s\000s\000\040\000R\000e\000f\000e\000r\000e\000n\000c\000e}{chapter.6}% 83
\BOOKMARK [2][-]{subsection.6.10.1}{\376\377\0006\000.\0001\0000\000.\0001\000\040\000D\000e\000t\000a\000i\000l\000e\000d\000\040\000D\000e\000s\000c\000r\000i\000p\000t\000i\000o\000n}{section.6.10}% 84
\BOOKMARK [2][-]{subsection.6.10.2}{\376\377\0006\000.\0001\0000\000.\0002\000\040\000M\000e\000m\000b\000e\000r\000\040\000F\000u\000n\000c\000t\000i\000o\000n\000\040\000D\000o\000c\000u\000m\000e\000n\000t\000a\000t\000i\000o\000n}{section.6.10}% 85
\BOOKMARK [3][-]{subsubsection.6.10.2.1}{\376\377\0006\000.\0001\0000\000.\0002\000.\0001\000\040\000o\000n\000C\000r\000e\000a\000t\000e\000\050\000B\000u\000n\000d\000l\000e\000\040\000s\000a\000v\000e\000d\000I\000n\000s\000t\000a\000n\000c\000e\000S\000t\000a\000t\000e\000\051}{subsection.6.10.2}% 86
\BOOKMARK [3][-]{subsubsection.6.10.2.2}{\376\377\0006\000.\0001\0000\000.\0002\000.\0002\000\040\000o\000n\000K\000e\000y\000D\000o\000w\000n\000\050\000i\000n\000t\000\040\000k\000e\000y\000c\000o\000d\000e\000,\000\040\000K\000e\000y\000E\000v\000e\000n\000t\000\040\000e\000v\000e\000n\000t\000\051}{subsection.6.10.2}% 87
\BOOKMARK [2][-]{subsection.6.10.3}{\376\377\0006\000.\0001\0000\000.\0003\000\040\000M\000e\000m\000b\000e\000r\000\040\000D\000a\000t\000a\000\040\000D\000o\000c\000u\000m\000e\000n\000t\000a\000t\000i\000o\000n}{section.6.10}% 88
\BOOKMARK [3][-]{subsubsection.6.10.3.1}{\376\377\0006\000.\0001\0000\000.\0003\000.\0001\000\040\000d\000a\000t\000a\000i\000n}{subsection.6.10.3}% 89
\BOOKMARK [3][-]{subsubsection.6.10.3.2}{\376\377\0006\000.\0001\0000\000.\0003\000.\0002\000\040\000d\000a\000t\000a\000o\000u\000t}{subsection.6.10.3}% 90
\BOOKMARK [0][-]{chapter.7}{\376\377\0007\000\040\000F\000i\000l\000e\000\040\000D\000o\000c\000u\000m\000e\000n\000t\000a\000t\000i\000o\000n}{}% 91
\BOOKMARK [1][-]{section.7.1}{\376\377\0007\000.\0001\000\040\000c\000o\000n\000n\000e\000c\000t\000.\000j\000a\000v\000a\000\040\000F\000i\000l\000e\000\040\000R\000e\000f\000e\000r\000e\000n\000c\000e}{chapter.7}% 92
\BOOKMARK [1][-]{section.7.2}{\376\377\0007\000.\0002\000\040\000f\000i\000l\000e\000.\000j\000a\000v\000a\000\040\000F\000i\000l\000e\000\040\000R\000e\000f\000e\000r\000e\000n\000c\000e}{chapter.7}% 93
\BOOKMARK [1][-]{section.7.3}{\376\377\0007\000.\0003\000\040\000g\000l\000o\000b\000a\000l\000C\000l\000a\000s\000s\000.\000j\000a\000v\000a\000\040\000F\000i\000l\000e\000\040\000R\000e\000f\000e\000r\000e\000n\000c\000e}{chapter.7}% 94
\BOOKMARK [1][-]{section.7.4}{\376\377\0007\000.\0004\000\040\000j\000o\000y\000.\000j\000a\000v\000a\000\040\000F\000i\000l\000e\000\040\000R\000e\000f\000e\000r\000e\000n\000c\000e}{chapter.7}% 95
\BOOKMARK [1][-]{section.7.5}{\376\377\0007\000.\0005\000\040\000j\000o\000y\000s\000t\000i\000c\000k\000.\000j\000a\000v\000a\000\040\000F\000i\000l\000e\000\040\000R\000e\000f\000e\000r\000e\000n\000c\000e}{chapter.7}% 96
\BOOKMARK [1][-]{section.7.6}{\376\377\0007\000.\0006\000\040\000k\000e\000y\000b\000o\000a\000r\000d\000.\000j\000a\000v\000a\000\040\000F\000i\000l\000e\000\040\000R\000e\000f\000e\000r\000e\000n\000c\000e}{chapter.7}% 97
\BOOKMARK [1][-]{section.7.7}{\376\377\0007\000.\0007\000\040\000m\000o\000u\000s\000e\000.\000j\000a\000v\000a\000\040\000F\000i\000l\000e\000\040\000R\000e\000f\000e\000r\000e\000n\000c\000e}{chapter.7}% 98
\BOOKMARK [1][-]{section.7.8}{\376\377\0007\000.\0008\000\040\000s\000c\000r\000e\000e\000n\000s\000h\000o\000t\000.\000j\000a\000v\000a\000\040\000F\000i\000l\000e\000\040\000R\000e\000f\000e\000r\000e\000n\000c\000e}{chapter.7}% 99
\BOOKMARK [1][-]{section.7.9}{\376\377\0007\000.\0009\000\040\000s\000e\000l\000e\000c\000t\000.\000j\000a\000v\000a\000\040\000F\000i\000l\000e\000\040\000R\000e\000f\000e\000r\000e\000n\000c\000e}{chapter.7}% 100
\BOOKMARK [1][-]{section.7.10}{\376\377\0007\000.\0001\0000\000\040\000t\000o\000u\000c\000h\000.\000j\000a\000v\000a\000\040\000F\000i\000l\000e\000\040\000R\000e\000f\000e\000r\000e\000n\000c\000e}{chapter.7}% 101
